[ERROR] [2013-09-22 16:05:06] [com.voyage.util.CloneUtil] - 
java.lang.ClassNotFoundException: com.pingyang.battle.bo.ReplayBO
	at java.net.URLClassLoader$1.run(Unknown Source)
	at java.security.AccessController.doPrivileged(Native Method)
	at java.net.URLClassLoader.findClass(Unknown Source)
	at java.lang.ClassLoader.loadClass(Unknown Source)
	at sun.misc.Launcher$AppClassLoader.loadClass(Unknown Source)
	at java.lang.ClassLoader.loadClass(Unknown Source)
	at java.lang.ClassLoader.loadClassInternal(Unknown Source)
	at java.lang.Class.forName0(Native Method)
	at java.lang.Class.forName(Unknown Source)
	at java.io.ObjectInputStream.resolveClass(Unknown Source)
	at java.io.ObjectInputStream.readNonProxyDesc(Unknown Source)
	at java.io.ObjectInputStream.readClassDesc(Unknown Source)
	at java.io.ObjectInputStream.readOrdinaryObject(Unknown Source)
	at java.io.ObjectInputStream.readObject0(Unknown Source)
	at java.io.ObjectInputStream.readObject(Unknown Source)
	at com.voyage.util.CloneUtil.deSerial(CloneUtil.java:75)
	at com.voyage.config.PingyangConfig.<init>(PingyangConfig.java:86)
	at com.voyage.config.PingyangConfig.getInstance(PingyangConfig.java:53)
	at com.voyage.Bootstrap.main(Bootstrap.java:31)
[INFO ] [2013-09-22 16:05:06] [com.voyage.config.PingyangConfig] - voyage.properties init success
[INFO ] [2013-09-22 16:05:06] [com.voyage.config.BattleConfig] - battle.properties init success
[INFO ] [2013-09-22 16:05:06] [com.voyage.cache.CfgDataMgr] - +++reload CfgDataMgr cache begin+++
[INFO ] [2013-09-22 16:05:06] [com.voyage.cache.CfgDataMgr] - reload sys_server...
[INFO ] [2013-09-22 16:05:06] [com.voyage.cache.CfgDataMgr] - reload cfg_buff...
[INFO ] [2013-09-22 16:05:06] [com.voyage.cache.CfgDataMgr] - reload cfg_skill...
[INFO ] [2013-09-22 16:05:06] [com.voyage.cache.CfgDataMgr] - reload cfg_corps_grade...
[INFO ] [2013-09-22 16:05:06] [com.voyage.cache.CfgDataMgr] - reload cfg_corps_type...
[INFO ] [2013-09-22 16:05:06] [com.voyage.cache.CfgDataMgr] - reload cfg_corps...
[INFO ] [2013-09-22 16:05:06] [com.voyage.cache.CfgDataMgr] - reload cfg_scene...
[INFO ] [2013-09-22 16:05:06] [com.voyage.cache.CfgDataMgr] - reload cfg_match_zone...
[INFO ] [2013-09-22 16:05:06] [com.voyage.cache.CfgDataMgr] - reload cfg_corps_level...
[INFO ] [2013-09-22 16:05:06] [com.voyage.cache.CfgDataMgr] - reload cfg_monster...
[INFO ] [2013-09-22 16:05:06] [com.voyage.cache.CfgDataMgr] - reload cfg_princess...
[INFO ] [2013-09-22 16:05:06] [com.voyage.cache.CfgDataMgr] - reload cfg_user_level...
[INFO ] [2013-09-22 16:05:06] [com.voyage.cache.CfgDataMgr] - reload cfg_vip...
[INFO ] [2013-09-22 16:05:06] [com.voyage.cache.CfgDataMgr] - reload cfg_fall_rate...
[INFO ] [2013-09-22 16:05:06] [com.voyage.cache.CfgDataMgr] - reload cfg_map_node_type...
[INFO ] [2013-09-22 16:05:06] [com.voyage.cache.CfgDataMgr] - reload cfg_map_node...
[INFO ] [2013-09-22 16:05:06] [com.voyage.cache.CfgDataMgr] - reload cfg_recharge...
[INFO ] [2013-09-22 16:05:06] [com.voyage.cache.CfgDataMgr] - reload cfg_goods...
[INFO ] [2013-09-22 16:05:06] [com.voyage.cache.CfgDataMgr] - reload cfg_reward...
[INFO ] [2013-09-22 16:05:06] [com.voyage.cache.CfgDataMgr] - reload cfg_task...
[INFO ] [2013-09-22 16:05:06] [com.voyage.cache.CfgDataMgr] - reload cfg_time_zone_give...
[INFO ] [2013-09-22 16:05:06] [com.voyage.cache.CfgDataMgr] - reload cfg_msg_format...
[INFO ] [2013-09-22 16:05:06] [com.voyage.cache.CfgDataMgr] - reload cfg_festival...
[INFO ] [2013-09-22 16:05:06] [com.voyage.cache.CfgDataMgr] - reload cfg_daily_task...
[INFO ] [2013-09-22 16:05:06] [com.voyage.cache.CfgDataMgr] - reload cfg_liveness...
[INFO ] [2013-09-22 16:05:06] [com.voyage.cache.CfgDataMgr] - reload cfg_slots...
[INFO ] [2013-09-22 16:05:06] [com.voyage.cache.CfgDataMgr] - reload cfg_activity_map...
[INFO ] [2013-09-22 16:05:06] [com.voyage.cache.CfgDataMgr] - +++reload CfgDataMgr cache end+++
[INFO ] [2013-09-22 16:05:06] [com.voyage.battle.thread.ReplayWriteThread] - write replay thread start...
[INFO ] [2013-09-22 16:05:06] [com.voyage.cache.SlotsMgr] - reload slots rank...
[INFO ] [2013-09-22 16:05:06] [com.voyage.cache.RankMgr] - reload rank...
[INFO ] [2013-09-22 16:05:06] [com.voyage.cache.RelationMgr] - reload relation...
[INFO ] [2013-09-22 16:05:06] [com.voyage.cache.CommonMgr] - reload common...
[INFO ] [2013-09-22 16:05:07] [com.voyage.battle.entry.Battle] - register battle handlers...
[INFO ] [2013-09-22 16:05:07] [com.voyage.schedule.ScheduleDefault] - register jobs...
[INFO ] [2013-09-22 16:05:07] [com.voyage.jmx.gamestate.GameStateAgent] - JMX GameStateAgent start @12000 ...
[INFO ] [2013-09-22 16:05:07] [com.voyage.socket.SocketServer] - socketserver start @11025 ...
[ERROR] [2013-09-22 16:24:37] [com.voyage.util.CloneUtil] - 
java.lang.ClassNotFoundException: com.pingyang.battle.bo.ReplayBO
	at java.net.URLClassLoader$1.run(Unknown Source)
	at java.security.AccessController.doPrivileged(Native Method)
	at java.net.URLClassLoader.findClass(Unknown Source)
	at java.lang.ClassLoader.loadClass(Unknown Source)
	at sun.misc.Launcher$AppClassLoader.loadClass(Unknown Source)
	at java.lang.ClassLoader.loadClass(Unknown Source)
	at java.lang.ClassLoader.loadClassInternal(Unknown Source)
	at java.lang.Class.forName0(Native Method)
	at java.lang.Class.forName(Unknown Source)
	at java.io.ObjectInputStream.resolveClass(Unknown Source)
	at java.io.ObjectInputStream.readNonProxyDesc(Unknown Source)
	at java.io.ObjectInputStream.readClassDesc(Unknown Source)
	at java.io.ObjectInputStream.readOrdinaryObject(Unknown Source)
	at java.io.ObjectInputStream.readObject0(Unknown Source)
	at java.io.ObjectInputStream.readObject(Unknown Source)
	at com.voyage.util.CloneUtil.deSerial(CloneUtil.java:75)
	at com.voyage.config.PingyangConfig.<init>(PingyangConfig.java:86)
	at com.voyage.config.PingyangConfig.getInstance(PingyangConfig.java:53)
	at com.voyage.Bootstrap.main(Bootstrap.java:31)
[INFO ] [2013-09-22 16:24:37] [com.voyage.config.PingyangConfig] - voyage.properties init success
[INFO ] [2013-09-22 16:24:37] [com.voyage.config.BattleConfig] - battle.properties init success
[INFO ] [2013-09-22 16:24:37] [com.voyage.cache.CfgDataMgr] - +++reload CfgDataMgr cache begin+++
[INFO ] [2013-09-22 16:24:37] [com.voyage.cache.CfgDataMgr] - reload sys_server...
[INFO ] [2013-09-22 16:24:37] [com.voyage.cache.CfgDataMgr] - reload cfg_buff...
[INFO ] [2013-09-22 16:24:37] [com.voyage.cache.CfgDataMgr] - reload cfg_skill...
[INFO ] [2013-09-22 16:24:37] [com.voyage.cache.CfgDataMgr] - reload cfg_corps_grade...
[INFO ] [2013-09-22 16:24:37] [com.voyage.cache.CfgDataMgr] - reload cfg_corps_type...
[INFO ] [2013-09-22 16:24:37] [com.voyage.cache.CfgDataMgr] - reload cfg_corps...
[INFO ] [2013-09-22 16:24:37] [com.voyage.cache.CfgDataMgr] - reload cfg_scene...
[INFO ] [2013-09-22 16:24:37] [com.voyage.cache.CfgDataMgr] - reload cfg_match_zone...
[INFO ] [2013-09-22 16:24:37] [com.voyage.cache.CfgDataMgr] - reload cfg_corps_level...
[INFO ] [2013-09-22 16:24:37] [com.voyage.cache.CfgDataMgr] - reload cfg_monster...
[INFO ] [2013-09-22 16:24:37] [com.voyage.cache.CfgDataMgr] - reload cfg_princess...
[INFO ] [2013-09-22 16:24:37] [com.voyage.cache.CfgDataMgr] - reload cfg_user_level...
[INFO ] [2013-09-22 16:24:37] [com.voyage.cache.CfgDataMgr] - reload cfg_vip...
[INFO ] [2013-09-22 16:24:37] [com.voyage.cache.CfgDataMgr] - reload cfg_fall_rate...
[INFO ] [2013-09-22 16:24:37] [com.voyage.cache.CfgDataMgr] - reload cfg_map_node_type...
[INFO ] [2013-09-22 16:24:37] [com.voyage.cache.CfgDataMgr] - reload cfg_map_node...
[INFO ] [2013-09-22 16:24:37] [com.voyage.cache.CfgDataMgr] - reload cfg_recharge...
[INFO ] [2013-09-22 16:24:37] [com.voyage.cache.CfgDataMgr] - reload cfg_goods...
[INFO ] [2013-09-22 16:24:37] [com.voyage.cache.CfgDataMgr] - reload cfg_reward...
[INFO ] [2013-09-22 16:24:37] [com.voyage.cache.CfgDataMgr] - reload cfg_task...
[INFO ] [2013-09-22 16:24:37] [com.voyage.cache.CfgDataMgr] - reload cfg_time_zone_give...
[INFO ] [2013-09-22 16:24:37] [com.voyage.cache.CfgDataMgr] - reload cfg_msg_format...
[INFO ] [2013-09-22 16:24:37] [com.voyage.cache.CfgDataMgr] - reload cfg_festival...
[INFO ] [2013-09-22 16:24:37] [com.voyage.cache.CfgDataMgr] - reload cfg_daily_task...
[INFO ] [2013-09-22 16:24:37] [com.voyage.cache.CfgDataMgr] - reload cfg_liveness...
[INFO ] [2013-09-22 16:24:37] [com.voyage.cache.CfgDataMgr] - reload cfg_slots...
[INFO ] [2013-09-22 16:24:37] [com.voyage.cache.CfgDataMgr] - reload cfg_activity_map...
[INFO ] [2013-09-22 16:24:37] [com.voyage.cache.CfgDataMgr] - +++reload CfgDataMgr cache end+++
[INFO ] [2013-09-22 16:24:37] [com.voyage.cache.SlotsMgr] - reload slots rank...
[INFO ] [2013-09-22 16:24:37] [com.voyage.battle.thread.ReplayWriteThread] - write replay thread start...
[INFO ] [2013-09-22 16:24:37] [com.voyage.cache.RankMgr] - reload rank...
[INFO ] [2013-09-22 16:24:37] [com.voyage.cache.RelationMgr] - reload relation...
[INFO ] [2013-09-22 16:24:37] [com.voyage.cache.CommonMgr] - reload common...
[INFO ] [2013-09-22 16:24:38] [com.voyage.battle.entry.Battle] - register battle handlers...
[INFO ] [2013-09-22 16:24:38] [com.voyage.schedule.ScheduleDefault] - register jobs...
[INFO ] [2013-09-22 16:24:38] [com.voyage.jmx.gamestate.GameStateAgent] - JMX GameStateAgent start @12005 ...
[INFO ] [2013-09-22 16:24:38] [com.voyage.socket.SocketServer] - socketserver start @11030 ...
[INFO ] [2013-09-22 16:24:38] [com.voyage.webservice.WebServiceServer] - start webservice server... 
[INFO ] [2013-09-22 16:26:50] [com.voyage.socket.SocketHandler] - sessionCreated() sessionId=2
[INFO ] [2013-09-22 16:26:50] [com.voyage.socket.SocketHandler] - sessionOpened() sessionId=2
[ERROR] [2013-09-22 16:52:35] [com.voyage.util.CloneUtil] - 
java.lang.ClassNotFoundException: com.pingyang.battle.bo.ReplayBO
	at java.net.URLClassLoader$1.run(Unknown Source)
	at java.security.AccessController.doPrivileged(Native Method)
	at java.net.URLClassLoader.findClass(Unknown Source)
	at java.lang.ClassLoader.loadClass(Unknown Source)
	at sun.misc.Launcher$AppClassLoader.loadClass(Unknown Source)
	at java.lang.ClassLoader.loadClass(Unknown Source)
	at java.lang.ClassLoader.loadClassInternal(Unknown Source)
	at java.lang.Class.forName0(Native Method)
	at java.lang.Class.forName(Unknown Source)
	at java.io.ObjectInputStream.resolveClass(Unknown Source)
	at java.io.ObjectInputStream.readNonProxyDesc(Unknown Source)
	at java.io.ObjectInputStream.readClassDesc(Unknown Source)
	at java.io.ObjectInputStream.readOrdinaryObject(Unknown Source)
	at java.io.ObjectInputStream.readObject0(Unknown Source)
	at java.io.ObjectInputStream.readObject(Unknown Source)
	at com.voyage.util.CloneUtil.deSerial(CloneUtil.java:75)
	at com.voyage.config.PingyangConfig.<init>(PingyangConfig.java:86)
	at com.voyage.config.PingyangConfig.getInstance(PingyangConfig.java:53)
	at com.voyage.Bootstrap.main(Bootstrap.java:31)
[INFO ] [2013-09-22 16:52:35] [com.voyage.config.PingyangConfig] - voyage.properties init success
[INFO ] [2013-09-22 16:52:41] [com.voyage.config.BattleConfig] - battle.properties init success
[INFO ] [2013-09-22 16:52:42] [com.voyage.cache.CfgDataMgr] - +++reload CfgDataMgr cache begin+++
[INFO ] [2013-09-22 16:52:42] [com.voyage.cache.CfgDataMgr] - reload sys_server...
[INFO ] [2013-09-22 16:52:42] [com.voyage.cache.CfgDataMgr] - reload cfg_buff...
[INFO ] [2013-09-22 16:52:42] [com.voyage.cache.CfgDataMgr] - reload cfg_skill...
[INFO ] [2013-09-22 16:52:42] [com.voyage.cache.CfgDataMgr] - reload cfg_corps_grade...
[INFO ] [2013-09-22 16:52:42] [com.voyage.cache.CfgDataMgr] - reload cfg_corps_type...
[INFO ] [2013-09-22 16:52:42] [com.voyage.cache.CfgDataMgr] - reload cfg_corps...
[INFO ] [2013-09-22 16:52:42] [com.voyage.cache.CfgDataMgr] - reload cfg_scene...
[INFO ] [2013-09-22 16:52:42] [com.voyage.cache.CfgDataMgr] - reload cfg_match_zone...
[INFO ] [2013-09-22 16:52:42] [com.voyage.cache.CfgDataMgr] - reload cfg_corps_level...
[INFO ] [2013-09-22 16:52:43] [com.voyage.cache.CfgDataMgr] - reload cfg_monster...
[INFO ] [2013-09-22 16:52:46] [com.voyage.cache.CfgDataMgr] - reload cfg_princess...
[INFO ] [2013-09-22 16:52:46] [com.voyage.cache.CfgDataMgr] - reload cfg_user_level...
[INFO ] [2013-09-22 16:52:46] [com.voyage.cache.CfgDataMgr] - reload cfg_vip...
[INFO ] [2013-09-22 16:52:46] [com.voyage.cache.CfgDataMgr] - reload cfg_fall_rate...
[INFO ] [2013-09-22 16:52:46] [com.voyage.cache.CfgDataMgr] - reload cfg_map_node_type...
[INFO ] [2013-09-22 16:52:46] [com.voyage.cache.CfgDataMgr] - reload cfg_map_node...
[INFO ] [2013-09-22 16:52:46] [com.voyage.cache.CfgDataMgr] - reload cfg_recharge...
[INFO ] [2013-09-22 16:52:46] [com.voyage.cache.CfgDataMgr] - reload cfg_goods...
[INFO ] [2013-09-22 16:52:46] [com.voyage.cache.CfgDataMgr] - reload cfg_reward...
[INFO ] [2013-09-22 16:52:47] [com.voyage.cache.CfgDataMgr] - reload cfg_task...
[INFO ] [2013-09-22 16:52:47] [com.voyage.cache.CfgDataMgr] - reload cfg_time_zone_give...
[INFO ] [2013-09-22 16:52:47] [com.voyage.cache.CfgDataMgr] - reload cfg_msg_format...
[INFO ] [2013-09-22 16:52:47] [com.voyage.cache.CfgDataMgr] - reload cfg_festival...
[INFO ] [2013-09-22 16:52:47] [com.voyage.cache.CfgDataMgr] - reload cfg_daily_task...
[INFO ] [2013-09-22 16:52:47] [com.voyage.cache.CfgDataMgr] - reload cfg_liveness...
[INFO ] [2013-09-22 16:52:47] [com.voyage.cache.CfgDataMgr] - reload cfg_slots...
[INFO ] [2013-09-22 16:52:47] [com.voyage.cache.CfgDataMgr] - reload cfg_activity_map...
[INFO ] [2013-09-22 16:52:47] [com.voyage.cache.CfgDataMgr] - +++reload CfgDataMgr cache end+++
[ERROR] [2013-09-22 16:53:22] [com.voyage.util.CloneUtil] - 
java.lang.ClassNotFoundException: com.pingyang.battle.bo.ReplayBO
	at java.net.URLClassLoader$1.run(Unknown Source)
	at java.security.AccessController.doPrivileged(Native Method)
	at java.net.URLClassLoader.findClass(Unknown Source)
	at java.lang.ClassLoader.loadClass(Unknown Source)
	at sun.misc.Launcher$AppClassLoader.loadClass(Unknown Source)
	at java.lang.ClassLoader.loadClass(Unknown Source)
	at java.lang.ClassLoader.loadClassInternal(Unknown Source)
	at java.lang.Class.forName0(Native Method)
	at java.lang.Class.forName(Unknown Source)
	at java.io.ObjectInputStream.resolveClass(Unknown Source)
	at java.io.ObjectInputStream.readNonProxyDesc(Unknown Source)
	at java.io.ObjectInputStream.readClassDesc(Unknown Source)
	at java.io.ObjectInputStream.readOrdinaryObject(Unknown Source)
	at java.io.ObjectInputStream.readObject0(Unknown Source)
	at java.io.ObjectInputStream.readObject(Unknown Source)
	at com.voyage.util.CloneUtil.deSerial(CloneUtil.java:75)
	at com.voyage.config.PingyangConfig.<init>(PingyangConfig.java:86)
	at com.voyage.config.PingyangConfig.getInstance(PingyangConfig.java:53)
	at com.voyage.Bootstrap.main(Bootstrap.java:31)
[INFO ] [2013-09-22 16:54:08] [com.voyage.config.PingyangConfig] - voyage.properties init success
[INFO ] [2013-09-22 16:54:12] [com.voyage.config.BattleConfig] - battle.properties init success
[INFO ] [2013-09-22 16:54:12] [com.voyage.cache.CfgDataMgr] - +++reload CfgDataMgr cache begin+++
[INFO ] [2013-09-22 16:54:12] [com.voyage.cache.CfgDataMgr] - reload sys_server...
[INFO ] [2013-09-22 16:54:12] [com.voyage.cache.CfgDataMgr] - reload cfg_buff...
[INFO ] [2013-09-22 16:54:12] [com.voyage.cache.CfgDataMgr] - reload cfg_skill...
[INFO ] [2013-09-22 16:54:12] [com.voyage.cache.CfgDataMgr] - reload cfg_corps_grade...
[INFO ] [2013-09-22 16:54:12] [com.voyage.cache.CfgDataMgr] - reload cfg_corps_type...
[INFO ] [2013-09-22 16:54:12] [com.voyage.cache.CfgDataMgr] - reload cfg_corps...
[INFO ] [2013-09-22 16:54:12] [com.voyage.cache.CfgDataMgr] - reload cfg_scene...
[INFO ] [2013-09-22 16:54:12] [com.voyage.cache.CfgDataMgr] - reload cfg_match_zone...
[INFO ] [2013-09-22 16:54:12] [com.voyage.cache.CfgDataMgr] - reload cfg_corps_level...
[INFO ] [2013-09-22 16:54:12] [com.voyage.cache.CfgDataMgr] - reload cfg_monster...
[INFO ] [2013-09-22 16:54:12] [com.voyage.cache.CfgDataMgr] - reload cfg_princess...
[INFO ] [2013-09-22 16:54:12] [com.voyage.cache.CfgDataMgr] - reload cfg_user_level...
[INFO ] [2013-09-22 16:54:12] [com.voyage.cache.CfgDataMgr] - reload cfg_vip...
[INFO ] [2013-09-22 16:54:12] [com.voyage.cache.CfgDataMgr] - reload cfg_fall_rate...
[INFO ] [2013-09-22 16:54:12] [com.voyage.cache.CfgDataMgr] - reload cfg_map_node_type...
[INFO ] [2013-09-22 16:54:12] [com.voyage.cache.CfgDataMgr] - reload cfg_map_node...
[INFO ] [2013-09-22 16:54:12] [com.voyage.cache.CfgDataMgr] - reload cfg_recharge...
[INFO ] [2013-09-22 16:54:12] [com.voyage.cache.CfgDataMgr] - reload cfg_goods...
[INFO ] [2013-09-22 16:54:12] [com.voyage.cache.CfgDataMgr] - reload cfg_reward...
[INFO ] [2013-09-22 16:54:12] [com.voyage.cache.CfgDataMgr] - reload cfg_task...
[INFO ] [2013-09-22 16:54:12] [com.voyage.cache.CfgDataMgr] - reload cfg_time_zone_give...
[INFO ] [2013-09-22 16:54:12] [com.voyage.cache.CfgDataMgr] - reload cfg_msg_format...
[INFO ] [2013-09-22 16:54:12] [com.voyage.cache.CfgDataMgr] - reload cfg_festival...
[INFO ] [2013-09-22 16:54:12] [com.voyage.cache.CfgDataMgr] - reload cfg_daily_task...
[INFO ] [2013-09-22 16:54:12] [com.voyage.cache.CfgDataMgr] - reload cfg_liveness...
[INFO ] [2013-09-22 16:54:12] [com.voyage.cache.CfgDataMgr] - reload cfg_slots...
[INFO ] [2013-09-22 16:54:12] [com.voyage.cache.CfgDataMgr] - reload cfg_activity_map...
[INFO ] [2013-09-22 16:54:12] [com.voyage.cache.CfgDataMgr] - +++reload CfgDataMgr cache end+++
[INFO ] [2013-09-22 16:54:12] [com.voyage.battle.thread.ReplayWriteThread] - write replay thread start...
[INFO ] [2013-09-22 16:54:12] [com.voyage.cache.SlotsMgr] - reload slots rank...
[INFO ] [2013-09-22 16:54:12] [com.voyage.cache.RankMgr] - reload rank...
[INFO ] [2013-09-22 16:54:12] [com.voyage.cache.RelationMgr] - reload relation...
[INFO ] [2013-09-22 16:54:12] [com.voyage.cache.CommonMgr] - reload common...
[INFO ] [2013-09-22 16:54:12] [com.voyage.battle.entry.Battle] - register battle handlers...
[INFO ] [2013-09-22 16:54:12] [com.voyage.schedule.ScheduleDefault] - register jobs...
[INFO ] [2013-09-22 16:54:13] [com.voyage.jmx.gamestate.GameStateAgent] - JMX GameStateAgent start @12005 ...
[INFO ] [2013-09-22 16:54:13] [com.voyage.socket.SocketServer] - socketserver start @11030 ...
